<?xml version="1.0" encoding="UTF-8"?>
<coverage generated="1606096073418" clover="3.2.0">
  <project timestamp="1606096073418" name="All files">
    <metrics statements="36" coveredstatements="22" conditionals="12" coveredconditionals="2" methods="12" coveredmethods="8" elements="60" coveredelements="32" complexity="0" loc="36" ncloc="36" packages="2" files="4" classes="4"/>
    <package name="src">
      <metrics statements="22" coveredstatements="11" conditionals="8" coveredconditionals="0" methods="6" coveredmethods="3"/>
      <file name="baseInit.ts" path="C:\Users\82105\reposit\Moniter-sdk\src\baseInit.ts">
        <metrics statements="22" coveredstatements="11" conditionals="8" coveredconditionals="0" methods="6" coveredmethods="3"/>
        <line num="1" count="1" type="stmt"/>
        <line num="2" count="1" type="stmt"/>
        <line num="11" count="1" type="stmt"/>
        <line num="16" count="1" type="stmt"/>
        <line num="17" count="1" type="stmt"/>
        <line num="26" count="1" type="stmt"/>
        <line num="27" count="0" type="stmt"/>
        <line num="28" count="0" type="stmt"/>
        <line num="32" count="0" type="stmt"/>
        <line num="35" count="1" type="stmt"/>
        <line num="36" count="0" type="cond" truecount="0" falsecount="1"/>
        <line num="39" count="0" type="cond" truecount="0" falsecount="2"/>
        <line num="40" count="0" type="stmt"/>
        <line num="42" count="0" type="stmt"/>
        <line num="45" count="1" type="cond" truecount="0" falsecount="2"/>
        <line num="46" count="0" type="cond" truecount="0" falsecount="1"/>
        <line num="49" count="0" type="cond" truecount="0" falsecount="2"/>
        <line num="50" count="0" type="stmt"/>
        <line num="52" count="0" type="stmt"/>
        <line num="55" count="1" type="stmt"/>
        <line num="56" count="1" type="stmt"/>
        <line num="58" count="1" type="stmt"/>
      </file>
    </package>
    <package name="src.express">
      <metrics statements="14" coveredstatements="11" conditionals="4" coveredconditionals="2" methods="6" coveredmethods="5"/>
      <file name="expressInit.ts" path="C:\Users\82105\reposit\Moniter-sdk\src\express\expressInit.ts">
        <metrics statements="11" coveredstatements="8" conditionals="4" coveredconditionals="2" methods="4" coveredmethods="3"/>
        <line num="1" count="1" type="stmt"/>
        <line num="2" count="1" type="stmt"/>
        <line num="5" count="1" type="stmt"/>
        <line num="7" count="1" type="cond" truecount="2" falsecount="0"/>
        <line num="10" count="1" type="stmt"/>
        <line num="11" count="0" type="cond" truecount="0" falsecount="2"/>
        <line num="12" count="0" type="stmt"/>
        <line num="17" count="0" type="stmt"/>
        <line num="28" count="1" type="stmt"/>
        <line num="32" count="1" type="stmt"/>
        <line num="33" count="1" type="stmt"/>
      </file>
      <file name="index.ts" path="C:\Users\82105\reposit\Moniter-sdk\src\express\index.ts">
        <metrics statements="1" coveredstatements="1" conditionals="0" coveredconditionals="0" methods="2" coveredmethods="2"/>
        <line num="1" count="2" type="stmt"/>
      </file>
      <file name="version.ts" path="C:\Users\82105\reposit\Moniter-sdk\src\express\version.ts">
        <metrics statements="2" coveredstatements="2" conditionals="0" coveredconditionals="0" methods="0" coveredmethods="0"/>
        <line num="1" count="1" type="stmt"/>
        <line num="2" count="1" type="stmt"/>
      </file>
    </package>
  </project>
</coverage>
