{"C:\\Users\\82105\\reposit\\Moniter-sdk\\src\\baseInit.ts": {"path":"C:\\Users\\82105\\reposit\\Moniter-sdk\\src\\baseInit.ts","statementMap":{"0":{"start":{"line":1,"column":0},"end":{"line":1,"column":60}},"1":{"start":{"line":2,"column":0},"end":{"line":2,"column":20}},"2":{"start":{"line":11,"column":0},"end":{"line":11,"column":22}},"3":{"start":{"line":16,"column":4},"end":{"line":16,"column":27}},"4":{"start":{"line":17,"column":4},"end":{"line":23,"column":7}},"5":{"start":{"line":26,"column":12},"end":{"line":33,"column":null}},"6":{"start":{"line":27,"column":4},"end":{"line":27,"column":33}},"7":{"start":{"line":28,"column":4},"end":{"line":31,"column":6}},"8":{"start":{"line":32,"column":4},"end":{"line":32,"column":17}},"9":{"start":{"line":35,"column":15},"end":{"line":43,"column":null}},"10":{"start":{"line":36,"column":35},"end":{"line":38,"column":null}},"11":{"start":{"line":36,"column":10},"end":{"line":38,"column":null}},"12":{"start":{"line":39,"column":4},"end":{"line":41,"column":null}},"13":{"start":{"line":40,"column":6},"end":{"line":40,"column":36}},"14":{"start":{"line":42,"column":4},"end":{"line":42,"column":24}},"15":{"start":{"line":45,"column":15},"end":{"line":53,"column":null}},"16":{"start":{"line":45,"column":47},"end":{"line":45,"column":null}},"17":{"start":{"line":46,"column":35},"end":{"line":48,"column":null}},"18":{"start":{"line":46,"column":10},"end":{"line":48,"column":null}},"19":{"start":{"line":49,"column":4},"end":{"line":51,"column":null}},"20":{"start":{"line":50,"column":6},"end":{"line":50,"column":36}},"21":{"start":{"line":52,"column":4},"end":{"line":52,"column":24}},"22":{"start":{"line":55,"column":2},"end":{"line":57,"column":null}},"23":{"start":{"line":56,"column":4},"end":{"line":56,"column":24}},"24":{"start":{"line":58,"column":0},"end":{"line":58,"column":null}},"25":{"start":{"line":11,"column":22},"end":{"line":11,"column":30}}},"fnMap":{"0":{"name":"(anonymous_14)","decl":{"start":{"line":11,"column":0},"end":{"line":11,"column":22}},"loc":{"start":{"line":11,"column":0},"end":{"line":58,"column":null}}},"1":{"name":"BaseInit","decl":{"start":{"line":15,"column":2},"end":{"line":15,"column":24}},"loc":{"start":{"line":15,"column":44},"end":{"line":24,"column":3}}},"2":{"name":"(anonymous_16)","decl":{"start":{"line":26,"column":2},"end":{"line":26,"column":12}},"loc":{"start":{"line":26,"column":36},"end":{"line":33,"column":3}}},"3":{"name":"(anonymous_17)","decl":{"start":{"line":35,"column":2},"end":{"line":35,"column":15}},"loc":{"start":{"line":35,"column":44},"end":{"line":43,"column":null}}},"4":{"name":"(anonymous_20)","decl":{"start":{"line":45,"column":2},"end":{"line":45,"column":15}},"loc":{"start":{"line":45,"column":71},"end":{"line":53,"column":null}}},"5":{"name":"(anonymous_23)","decl":{"start":{"line":55,"column":2},"end":{"line":55,"column":13}},"loc":{"start":{"line":55,"column":2},"end":{"line":57,"column":3}}}},"branchMap":{"0":{"loc":{"start":{"line":36,"column":35},"end":{"line":38,"column":null}},"type":"switch","locations":[{"start":{"line":36,"column":35},"end":{"line":38,"column":null}}]},"1":{"loc":{"start":{"line":39,"column":4},"end":{"line":41,"column":null}},"type":"if","locations":[{"start":{"line":39,"column":4},"end":{"line":41,"column":null}},{"start":{"line":39,"column":4},"end":{"line":41,"column":null}}]},"2":{"loc":{"start":{"line":45,"column":47},"end":{"line":45,"column":null}},"type":"if","locations":[{"start":{"line":45,"column":47},"end":{"line":45,"column":null}},{"start":{"line":45,"column":47},"end":{"line":45,"column":null}}]},"3":{"loc":{"start":{"line":46,"column":35},"end":{"line":48,"column":null}},"type":"switch","locations":[{"start":{"line":46,"column":35},"end":{"line":48,"column":null}}]},"4":{"loc":{"start":{"line":49,"column":4},"end":{"line":51,"column":null}},"type":"if","locations":[{"start":{"line":49,"column":4},"end":{"line":51,"column":null}},{"start":{"line":49,"column":4},"end":{"line":51,"column":null}}]}},"s":{"0":1,"1":1,"2":1,"3":1,"4":1,"5":1,"6":0,"7":0,"8":0,"9":1,"10":0,"11":0,"12":0,"13":0,"14":0,"15":1,"16":0,"17":0,"18":0,"19":0,"20":0,"21":0,"22":1,"23":1,"24":1,"25":1},"f":{"0":1,"1":1,"2":0,"3":0,"4":0,"5":1},"b":{"0":[0],"1":[0,0],"2":[0,0],"3":[0],"4":[0,0]}}
,"C:\\Users\\82105\\reposit\\Moniter-sdk\\src\\express\\expressInit.ts": {"path":"C:\\Users\\82105\\reposit\\Moniter-sdk\\src\\express\\expressInit.ts","statementMap":{"0":{"start":{"line":1,"column":0},"end":{"line":1,"column":52}},"1":{"start":{"line":2,"column":0},"end":{"line":2,"column":50}},"2":{"start":{"line":5,"column":0},"end":{"line":5,"column":null}},"3":{"start":{"line":5,"column":26},"end":{"line":5,"column":34}},"4":{"start":{"line":7,"column":4},"end":{"line":7,"column":null}},"5":{"start":{"line":10,"column":12},"end":{"line":18,"column":null}},"6":{"start":{"line":11,"column":4},"end":{"line":11,"column":54}},"7":{"start":{"line":12,"column":4},"end":{"line":16,"column":6}},"8":{"start":{"line":17,"column":4},"end":{"line":17,"column":36}},"9":{"start":{"line":28,"column":0},"end":{"line":28,"column":null}},"10":{"start":{"line":32,"column":13},"end":{"line":34,"column":2}},"11":{"start":{"line":33,"column":2},"end":{"line":33,"column":36}}},"fnMap":{"0":{"name":"(anonymous_8)","decl":{"start":{"line":5,"column":0},"end":{"line":5,"column":26}},"loc":{"start":{"line":5,"column":0},"end":{"line":28,"column":null}}},"1":{"name":"ExpressInit","decl":{"start":{"line":6,"column":2},"end":{"line":6,"column":21}},"loc":{"start":{"line":6,"column":41},"end":{"line":8,"column":3}}},"2":{"name":"(anonymous_10)","decl":{"start":{"line":10,"column":2},"end":{"line":10,"column":12}},"loc":{"start":{"line":10,"column":36},"end":{"line":18,"column":3}}},"3":{"name":"(anonymous_11)","decl":{"start":{"line":32,"column":26},"end":{"line":32,"column":27}},"loc":{"start":{"line":32,"column":47},"end":{"line":34,"column":1}}}},"branchMap":{"0":{"loc":{"start":{"line":7,"column":4},"end":{"line":7,"column":18}},"type":"binary-expr","locations":[{"start":{"line":7,"column":4},"end":{"line":7,"column":18}},{"start":{"line":7,"column":18},"end":{"line":7,"column":null}}]},"1":{"loc":{"start":{"line":11,"column":21},"end":{"line":11,"column":35}},"type":"binary-expr","locations":[{"start":{"line":11,"column":21},"end":{"line":11,"column":35}},{"start":{"line":11,"column":39},"end":{"line":11,"column":53}}]}},"s":{"0":1,"1":1,"2":1,"3":1,"4":1,"5":1,"6":0,"7":0,"8":0,"9":1,"10":1,"11":1},"f":{"0":1,"1":1,"2":0,"3":1},"b":{"0":[1,1],"1":[0,0]}}
,"C:\\Users\\82105\\reposit\\Moniter-sdk\\src\\express\\index.ts": {"path":"C:\\Users\\82105\\reposit\\Moniter-sdk\\src\\express\\index.ts","statementMap":{"0":{"start":{"line":1,"column":0},"end":{"line":1,"column":9}},"1":{"start":{"line":1,"column":9},"end":{"line":1,"column":21}},"2":{"start":{"line":1,"column":21},"end":{"line":1,"column":51}}},"fnMap":{"0":{"name":"(anonymous_0)","decl":{"start":{"line":1,"column":9},"end":{"line":1,"column":19}},"loc":{"start":{"line":1,"column":9},"end":{"line":1,"column":21}}},"1":{"name":"(anonymous_1)","decl":{"start":{"line":1,"column":21},"end":{"line":1,"column":27}},"loc":{"start":{"line":1,"column":21},"end":{"line":1,"column":51}}}},"branchMap":{},"s":{"0":1,"1":2,"2":2},"f":{"0":1,"1":1},"b":{}}
,"C:\\Users\\82105\\reposit\\Moniter-sdk\\src\\express\\version.ts": {"path":"C:\\Users\\82105\\reposit\\Moniter-sdk\\src\\express\\version.ts","statementMap":{"0":{"start":{"line":1,"column":13},"end":{"line":1,"column":46}},"1":{"start":{"line":2,"column":13},"end":{"line":2,"column":35}}},"fnMap":{},"branchMap":{},"s":{"0":1,"1":1},"f":{},"b":{}}
}
