TN:
SF:src\baseInit.ts
FN:11,(anonymous_14)
FN:15,BaseInit
FN:26,(anonymous_16)
FN:35,(anonymous_17)
FN:45,(anonymous_20)
FN:55,(anonymous_23)
FNF:6
FNH:3
FNDA:1,(anonymous_14)
FNDA:1,BaseInit
FNDA:0,(anonymous_16)
FNDA:0,(anonymous_17)
FNDA:0,(anonymous_20)
FNDA:1,(anonymous_23)
DA:1,1
DA:2,1
DA:11,1
DA:16,1
DA:17,1
DA:26,1
DA:27,0
DA:28,0
DA:32,0
DA:35,1
DA:36,0
DA:39,0
DA:40,0
DA:42,0
DA:45,1
DA:46,0
DA:49,0
DA:50,0
DA:52,0
DA:55,1
DA:56,1
DA:58,1
LF:22
LH:11
BRDA:36,0,0,0
BRDA:39,1,0,0
BRDA:39,1,1,0
BRDA:45,2,0,0
BRDA:45,2,1,0
BRDA:46,3,0,0
BRDA:49,4,0,0
BRDA:49,4,1,0
BRF:8
BRH:0
end_of_record
TN:
SF:src\express\expressInit.ts
FN:5,(anonymous_8)
FN:6,ExpressInit
FN:10,(anonymous_10)
FN:32,(anonymous_11)
FNF:4
FNH:3
FNDA:1,(anonymous_8)
FNDA:1,ExpressInit
FNDA:0,(anonymous_10)
FNDA:1,(anonymous_11)
DA:1,1
DA:2,1
DA:5,1
DA:7,1
DA:10,1
DA:11,0
DA:12,0
DA:17,0
DA:28,1
DA:32,1
DA:33,1
LF:11
LH:8
BRDA:7,0,0,1
BRDA:7,0,1,1
BRDA:11,1,0,0
BRDA:11,1,1,0
BRF:4
BRH:2
end_of_record
TN:
SF:src\express\index.ts
FN:1,(anonymous_0)
FN:1,(anonymous_1)
FNF:2
FNH:2
FNDA:1,(anonymous_0)
FNDA:1,(anonymous_1)
DA:1,2
LF:1
LH:1
BRF:0
BRH:0
end_of_record
TN:
SF:src\express\version.ts
FNF:0
FNH:0
DA:1,1
DA:2,1
LF:2
LH:2
BRF:0
BRH:0
end_of_record
